<?xml version="1.0" encoding="UTF-8"?>
<!-- Generated by org.testng.reporters.JUnitXMLReporter -->
<testsuite hostname="Bobs-MBP.fios-router.home" ignored="1" name="HubSpot Functional Regression Test" tests="3" failures="0" timestamp="2020-05-03T16:50:21 EDT" time="25.497" errors="0">
  <testcase name="verifyLoginPageTitleTest" time="4.409" classname="com.qa.hubspot.tests.LoginPageTest"/>
  <testcase name="verifySignUpLinkTest" time="5.237" classname="com.qa.hubspot.tests.LoginPageTest"/>
  <testcase name="loginTest" time="10.006" classname="com.qa.hubspot.tests.LoginPageTest"/>
  <testcase name="login_InvalidTestCase" time="0.0" classname="com.qa.hubspot.tests.LoginPageTest">
    <ignored/>
  </testcase> <!-- login_InvalidTestCase -->
</testsuite> <!-- HubSpot Functional Regression Test -->
