<?xml version="1.0" encoding="UTF-8"?>
<!-- Generated by org.testng.reporters.JUnitXMLReporter -->
<testsuite hostname="Bobs-MBP.fios-router.home" ignored="0" name="Default test" tests="4" failures="0" timestamp="2020-05-01T17:54:40 EDT" time="71.544" errors="0">
  <testcase name="verifyContactsPageTitle" time="0.021" classname="com.qa.hubspot.tests.ContactsPageTest"/>
  <testcase name="createContactsTest" time="5.637" classname="com.qa.hubspot.tests.ContactsPageTest"/>
  <testcase name="createContactsTest" time="6.994" classname="com.qa.hubspot.tests.ContactsPageTest"/>
  <testcase name="createContactsTest" time="6.379" classname="com.qa.hubspot.tests.ContactsPageTest"/>
</testsuite> <!-- Default test -->
