<?xml version="1.0" encoding="UTF-8"?>
<!-- Generated by org.testng.reporters.JUnitXMLReporter -->
<testsuite hostname="Bobs-MBP.fios-router.home" ignored="1" name="Command line test" tests="6" failures="0" timestamp="2020-04-30T00:35:08 EDT" time="27.738" errors="0">
  <testcase name="verifyHomePageTitleTest" time="0.024" classname="com.qa.hubspot.tests.HomePageTest"/>
  <testcase name="verifyHomePageHeaderTest" time="0.648" classname="com.qa.hubspot.tests.HomePageTest"/>
  <testcase name="verifyLoggedInUserTest" time="0.61" classname="com.qa.hubspot.tests.HomePageTest"/>
  <testcase name="verifyLoginPageTitleTest" time="3.415" classname="com.qa.hubspot.tests.LoginPageTest"/>
  <testcase name="verifySignUpLinkTest" time="0.646" classname="com.qa.hubspot.tests.LoginPageTest"/>
  <testcase name="loginTest" time="4.835" classname="com.qa.hubspot.tests.LoginPageTest"/>
  <testcase name="login_InvalidTestCase" time="0.0" classname="com.qa.hubspot.tests.LoginPageTest">
    <ignored/>
  </testcase> <!-- login_InvalidTestCase -->
</testsuite> <!-- Command line test -->
